#
# A fatal error has been detected by the Java Runtime Environment:
#
#  Internal Error (javaClasses.cpp:136), pid=1516, tid=10156
#  fatal error: Invalid layout of preloaded class
#
# JRE version:  (7.0_75-b13) (build )
# Java VM: Java HotSpot(TM) 64-Bit Server VM (24.75-b04 mixed mode windows-amd64 compressed oops)
# Failed to write core dump. Minidumps are not enabled by default on client versions of Windows
#
# If you would like to submit a bug report, please visit:
#   http://bugreport.sun.com/bugreport/crash.jsp
#

---------------  T H R E A D  ---------------

Current thread (0x0000000002abd800):  JavaThread "Unknown thread" [_thread_in_vm, id=10156, stack(0x00000000024d0000,0x00000000025d0000)]

Stack: [0x00000000024d0000,0x00000000025d0000]
[error occurred during error reporting (printing stack bounds), id 0xc0000005]


---------------  P R O C E S S  ---------------

Java Threads: ( => current thread )

Other Threads:

=>0x0000000002abd800 (exited) JavaThread "Unknown thread" [_thread_in_vm, id=10156, stack(0x00000000024d0000,0x00000000025d0000)]

VM state:not at safepoint (not fully initialized)

VM Mutex/Monitor currently owned by a thread: None

GC Heap History (0 events):
No events

Deoptimization events (0 events):
No events

Internal exceptions (0 events):
No events

Events (10 events):
Event: 0.018 loading class 0x0000000002935690 done
Event: 0.019 loading class 0x0000000002935090 done
Event: 0.019 loading class 0x0000000002935070
Event: 0.019 loading class 0x000000000293d1e0
Event: 0.019 loading class 0x000000000293d1e0 done
Event: 0.019 loading class 0x000000000293d210
Event: 0.019 loading class 0x000000000293d210 done
Event: 0.019 loading class 0x000000000293d240
Event: 0.019 loading class 0x000000000293d240 done
Event: 0.019 loading class 0x0000000002935070 done


Dynamic libraries:
0x00007ff74e1b0000 - 0x00007ff74e1e3000 	C:\Program Files\Java\jdk1.7.0_75\bin\javaw.exe
0x00007ffe94430000 - 0x00007ffe945dc000 	C:\WINDOWS\SYSTEM32\ntdll.dll
0x00007ffe91f80000 - 0x00007ffe920be000 	C:\WINDOWS\system32\KERNEL32.DLL
0x00007ffe916a0000 - 0x00007ffe917b5000 	C:\WINDOWS\system32\KERNELBASE.dll
0x00007ffe90120000 - 0x00007ffe901ae000 	C:\WINDOWS\system32\apphelp.dll
0x00007ffe8b7a0000 - 0x00007ffe8b7f3000 	C:\WINDOWS\AppPatch\AppPatch64\AcGenral.DLL
0x00007ffe92750000 - 0x00007ffe927fa000 	C:\WINDOWS\system32\msvcrt.dll
0x00007ffe913b0000 - 0x00007ffe913de000 	C:\WINDOWS\SYSTEM32\SspiCli.dll
0x00007ffe922a0000 - 0x00007ffe922f4000 	C:\WINDOWS\system32\SHLWAPI.dll
0x00007ffe925d0000 - 0x00007ffe92747000 	C:\WINDOWS\system32\USER32.dll
0x00007ffe92bf0000 - 0x00007ffe92d84000 	C:\WINDOWS\system32\ole32.dll
0x00007ffe92f10000 - 0x00007ffe94428000 	C:\WINDOWS\system32\SHELL32.dll
0x00007ffe90b40000 - 0x00007ffe90b61000 	C:\WINDOWS\SYSTEM32\USERENV.dll
0x00007ffe921f0000 - 0x00007ffe9229a000 	C:\WINDOWS\system32\ADVAPI32.dll
0x00007ffe882a0000 - 0x00007ffe882be000 	C:\WINDOWS\SYSTEM32\MPR.dll
0x00007ffe92a40000 - 0x00007ffe92b81000 	C:\WINDOWS\system32\RPCRT4.dll
0x00007ffe91ab0000 - 0x00007ffe91b09000 	C:\WINDOWS\SYSTEM32\sechost.dll
0x00007ffe92800000 - 0x00007ffe92a11000 	C:\WINDOWS\SYSTEM32\combase.dll
0x00007ffe92db0000 - 0x00007ffe92f01000 	C:\WINDOWS\system32\GDI32.dll
0x00007ffe91580000 - 0x00007ffe91595000 	C:\WINDOWS\SYSTEM32\profapi.dll
0x00007ffe8f900000 - 0x00007ffe8f9b2000 	C:\WINDOWS\SYSTEM32\SHCORE.dll
0x00007ffe92310000 - 0x00007ffe92346000 	C:\WINDOWS\system32\IMM32.DLL
0x00007ffe91e20000 - 0x00007ffe91f72000 	C:\WINDOWS\system32\MSCTF.dll
0x00007ffe8f000000 - 0x00007ffe8f27b000 	C:\WINDOWS\WinSxS\amd64_microsoft.windows.common-controls_6595b64144ccf1df_6.0.9600.17415_none_6240486fecbd8abb\COMCTL32.dll
0x00000000703b0000 - 0x0000000070482000 	C:\Program Files\Java\jdk1.7.0_75\jre\bin\msvcr100.dll
0x000000006fa70000 - 0x0000000070244000 	C:\Program Files\Java\jdk1.7.0_75\jre\bin\server\jvm.dll
0x00007ffe8bb30000 - 0x00007ffe8bb39000 	C:\WINDOWS\SYSTEM32\WSOCK32.dll
0x00007ffe8d720000 - 0x00007ffe8d742000 	C:\WINDOWS\SYSTEM32\WINMM.dll
0x00007ffe92a30000 - 0x00007ffe92a37000 	C:\WINDOWS\system32\PSAPI.DLL
0x00007ffe91be0000 - 0x00007ffe91c3a000 	C:\WINDOWS\system32\WS2_32.dll
0x00007ffe8d6e0000 - 0x00007ffe8d70a000 	C:\WINDOWS\SYSTEM32\WINMMBASE.dll
0x00007ffe925c0000 - 0x00007ffe925c9000 	C:\WINDOWS\system32\NSI.dll
0x00007ffe91650000 - 0x00007ffe9169f000 	C:\WINDOWS\SYSTEM32\cfgmgr32.dll
0x00007ffe90370000 - 0x00007ffe90398000 	C:\WINDOWS\SYSTEM32\DEVOBJ.dll
0x000000006fa60000 - 0x000000006fa6f000 	C:\Program Files\Java\jdk1.7.0_75\jre\bin\verify.dll
0x000000006fa30000 - 0x000000006fa58000 	C:\Program Files\Java\jdk1.7.0_75\jre\bin\java.dll
0x000000006fa10000 - 0x000000006fa25000 	C:\Program Files\Java\jdk1.7.0_75\jre\bin\zip.dll

VM Arguments:
jvm_args: -Dfile.encoding=UTF-8 -Xbootclasspath:C:\Users\éª\Downloads\android.bak\android-sdk\android-sdk\platforms\android-17\android.jar 
java_command: org.bitlet.weupnp.Main
Launcher Type: SUN_STANDARD

Environment Variables:
JAVA_HOME=C:\Program Files\Java\jdk1.7.0_75
PATH=C:/Program Files/Java/jdk1.7.0_75/bin/../jre/bin/server;C:/Program Files/Java/jdk1.7.0_75/bin/../jre/bin;C:/Program Files/Java/jdk1.7.0_75/bin/../jre/lib/amd64;C:\Python27\;C:\Python27\Scripts;C:\Program Files\Java\jdk1.7.0_75\bin;C:\Program Files\Broadcom\Broadcom 802.11 Network Adapter\Driver;C:\Program Files (x86)\NVIDIA Corporation\PhysX\Common;C:\Program Files (x86)\Intel\iCLS Client\;C:\Program Files\Intel\iCLS Client\;C:\WINDOWS\system32;C:\WINDOWS;C:\WINDOWS\System32\Wbem;C:\WINDOWS\System32\WindowsPowerShell\v1.0\;C:\Program Files\Intel\Intel(R) Management Engine Components\DAL;C:\Program Files\Intel\Intel(R) Management Engine Components\IPT;C:\Program Files (x86)\Intel\Intel(R) Management Engine Components\DAL;C:\Program Files (x86)\Intel\Intel(R) Management Engine Components\IPT;C:\Program Files (x86)\Intel\OpenCL SDK\2.0\bin\x86;C:\Program Files (x86)\Intel\OpenCL SDK\2.0\bin\x64;C:\Program Files\Lenovo\Bluetooth Software\;C:\Program Files\Lenovo\Bluetooth Software\syswow64;C:\ProgramData\Lenovo\ReadyApps;C:\Users\éª\Downloads\tools\apache-ant-1.9.4-bin\apache-ant-1.9.4\bin;C:\Users\éª\.gradle\wrapper\dists\gradle-2.2.1-all\6dibv5rcnnqlfbq9klf8imrndn\gradle-2.2.1\bin;C:\Users\éª\Downloads\eclipse-java-luna-SR1a-win32-x86_64\eclipse;
USERNAME=éª
OS=Windows_NT
PROCESSOR_IDENTIFIER=Intel64 Family 6 Model 58 Stepping 9, GenuineIntel



---------------  S Y S T E M  ---------------

OS: Windows 8.1 , 64 bit Build 9600 

CPU:total 4 (2 cores per cpu, 2 threads per core) family 6 model 58 stepping 9, cmov, cx8, fxsr, mmx, sse, sse2, sse3, ssse3, sse4.1, sse4.2, popcnt, avx, aes, erms, ht, tsc, tscinvbit, tscinv

Memory: 4k page, physical 8201716k(5292032k free), swap 26420724k(22369200k free)

vm_info: Java HotSpot(TM) 64-Bit Server VM (24.75-b04) for windows-amd64 JRE (1.7.0_75-b13), built on Dec 18 2014 17:15:01 by "java_re" with unknown MS VC++:1600

time: Wed Apr 29 17:51:36 2015
elapsed time: 0 seconds

